{
  "0 debug pnpm:scope": {
    "selected": 1
  },
  "1 error pnpm": {
    "errno": 1,
    "code": "ELIFECYCLE",
    "pkgid": "farsgamer@1.0.0",
    "stage": "dev",
    "script": "svelte-kit dev",
    "pkgname": "farsgamer",
    "err": {
      "name": "pnpm",
      "message": "farsgamer@1.0.0 dev: `svelte-kit dev`\nExit status 1",
      "code": "ELIFECYCLE",
      "stack": "pnpm: farsgamer@1.0.0 dev: `svelte-kit dev`\nExit status 1\n    at EventEmitter.<anonymous> (C:\\Users\\babak\\AppData\\Roaming\\npm\\pnpm-global\\5\\node_modules\\.pnpm\\pnpm@6.24.4\\node_modules\\pnpm\\dist\\pnpm.cjs:103873:20)\n    at EventEmitter.emit (node:events:390:28)\n    at ChildProcess.<anonymous> (C:\\Users\\babak\\AppData\\Roaming\\npm\\pnpm-global\\5\\node_modules\\.pnpm\\pnpm@6.24.4\\node_modules\\pnpm\\dist\\pnpm.cjs:91802:18)\n    at ChildProcess.emit (node:events:390:28)\n    at maybeClose (node:internal/child_process:1062:16)\n    at Process.ChildProcess._handle.onexit (node:internal/child_process:301:5)"
    }
  },
  "2 warn pnpm:global": " Local package.json exists, but node_modules missing, did you mean to install?"
}